2023-01-10 10:05:43,996 ERROR 读取参数
IoTToolkit.ReplyTimeoutException: 等待回复超时
   在 IoTToolkit.IoTCommunicator.SendCommand(IoTCommand command, Int32 retryTimes, Nullable`1 timeout, Boolean throwTimeout) 位置 D:\programming\Wayzim\CommonUtilities\IoTToolkit\IoTToolkit.Core\IoTCommunicator.cs:行号 291
   在 IoTToolkit.IoTCommunicator.SequentiallySendCommand(IoTCommand command, Int32 retryTimes, Nullable`1 timeout, Boolean throwTimeout) 位置 D:\programming\Wayzim\CommonUtilities\IoTToolkit\IoTToolkit.Core\IoTCommunicator.cs:行号 259
   在 IoTToolkit.IoTCommunicator.SendCommand(CommandType type, Byte[] data, Int32 retryTimes, Nullable`1 timeout, Boolean throwTimeout) 位置 D:\programming\Wayzim\CommonUtilities\IoTToolkit\IoTToolkit.Core\IoTCommunicator.cs:行号 244
   在 IoTToolkit.IoTCommunicator.ReadParameterBytes(UInt16 stationNo) 位置 D:\programming\Wayzim\CommonUtilities\IoTToolkit\IoTToolkit.Core\IoTCommunicator.cs:行号 87
   在 IoTToolkit.ZTO.IoTCommunicator.ReadParameter(UInt16 stationNo) 位置 D:\programming\Wayzim\CommonUtilities\IoTToolkit\IoTToolkit.Core\IoTCommunicator.ZTO.cs:行号 49
   在 IoTToolkit.ZTO.IoTToolkitVM.ReadParameter(UInt16 id) 位置 D:\programming\Wayzim\CommonUtilities\IoTToolkit\IoTToolkit.ZTO\IoTToolkitVM.cs:行号 185
   在 IoTToolkit.ZTO.IoTToolkitVM.ReadParameterCmdEx() 位置 D:\programming\Wayzim\CommonUtilities\IoTToolkit\IoTToolkit.ZTO\IoTToolkitVM.cs:行号 180
   在 Utilities.Windows.SimpleCommand.ExecuteCore(Object parameter) 位置 D:\programming\Wayzim\CommonUtilities\Utilities2\Utilities\Windows\SimpleCommand.cs:行号 153
   在 Utilities.Windows.SimpleCommand.Execute(Object parameter) 位置 D:\programming\Wayzim\CommonUtilities\Utilities2\Utilities\Windows\SimpleCommand.cs:行号 134
2023-01-10 10:57:46,401 ERROR 读取参数
IoTToolkit.ReplyTimeoutException: 等待回复超时
   在 IoTToolkit.IoTCommunicator.SendCommand(IoTCommand command, Int32 retryTimes, Nullable`1 timeout, Boolean throwTimeout) 位置 D:\programming\Wayzim\CommonUtilities\IoTToolkit\IoTToolkit.Core\IoTCommunicator.cs:行号 291
   在 IoTToolkit.IoTCommunicator.SequentiallySendCommand(IoTCommand command, Int32 retryTimes, Nullable`1 timeout, Boolean throwTimeout) 位置 D:\programming\Wayzim\CommonUtilities\IoTToolkit\IoTToolkit.Core\IoTCommunicator.cs:行号 259
   在 IoTToolkit.IoTCommunicator.SendCommand(CommandType type, Byte[] data, Int32 retryTimes, Nullable`1 timeout, Boolean throwTimeout) 位置 D:\programming\Wayzim\CommonUtilities\IoTToolkit\IoTToolkit.Core\IoTCommunicator.cs:行号 244
   在 IoTToolkit.IoTCommunicator.ReadParameterBytes(UInt16 stationNo) 位置 D:\programming\Wayzim\CommonUtilities\IoTToolkit\IoTToolkit.Core\IoTCommunicator.cs:行号 87
   在 IoTToolkit.ZTO.IoTCommunicator.ReadParameter(UInt16 stationNo) 位置 D:\programming\Wayzim\CommonUtilities\IoTToolkit\IoTToolkit.Core\IoTCommunicator.ZTO.cs:行号 49
   在 IoTToolkit.ZTO.IoTToolkitVM.ReadParameter(UInt16 id) 位置 D:\programming\Wayzim\CommonUtilities\IoTToolkit\IoTToolkit.ZTO\IoTToolkitVM.cs:行号 185
   在 IoTToolkit.ZTO.IoTToolkitVM.ReadParameterCmdEx() 位置 D:\programming\Wayzim\CommonUtilities\IoTToolkit\IoTToolkit.ZTO\IoTToolkitVM.cs:行号 180
   在 Utilities.Windows.SimpleCommand.ExecuteCore(Object parameter) 位置 D:\programming\Wayzim\CommonUtilities\Utilities2\Utilities\Windows\SimpleCommand.cs:行号 153
   在 Utilities.Windows.SimpleCommand.Execute(Object parameter) 位置 D:\programming\Wayzim\CommonUtilities\Utilities2\Utilities\Windows\SimpleCommand.cs:行号 134
2023-01-10 15:38:08,563 ERROR 读取参数
IoTToolkit.ReplyTimeoutException: 等待回复超时
   在 IoTToolkit.IoTCommunicator.SendCommand(IoTCommand command, Int32 retryTimes, Nullable`1 timeout, Boolean throwTimeout) 位置 D:\programming\Wayzim\CommonUtilities\IoTToolkit\IoTToolkit.Core\IoTCommunicator.cs:行号 291
   在 IoTToolkit.IoTCommunicator.SequentiallySendCommand(IoTCommand command, Int32 retryTimes, Nullable`1 timeout, Boolean throwTimeout) 位置 D:\programming\Wayzim\CommonUtilities\IoTToolkit\IoTToolkit.Core\IoTCommunicator.cs:行号 259
   在 IoTToolkit.IoTCommunicator.SendCommand(CommandType type, Byte[] data, Int32 retryTimes, Nullable`1 timeout, Boolean throwTimeout) 位置 D:\programming\Wayzim\CommonUtilities\IoTToolkit\IoTToolkit.Core\IoTCommunicator.cs:行号 244
   在 IoTToolkit.IoTCommunicator.ReadParameterBytes(UInt16 stationNo) 位置 D:\programming\Wayzim\CommonUtilities\IoTToolkit\IoTToolkit.Core\IoTCommunicator.cs:行号 87
   在 IoTToolkit.ZTO.IoTCommunicator.ReadParameter(UInt16 stationNo) 位置 D:\programming\Wayzim\CommonUtilities\IoTToolkit\IoTToolkit.Core\IoTCommunicator.ZTO.cs:行号 49
   在 IoTToolkit.ZTO.IoTToolkitVM.ReadParameter(UInt16 id) 位置 D:\programming\Wayzim\CommonUtilities\IoTToolkit\IoTToolkit.ZTO\IoTToolkitVM.cs:行号 185
   在 IoTToolkit.ZTO.IoTToolkitVM.ReadParameterCmdEx() 位置 D:\programming\Wayzim\CommonUtilities\IoTToolkit\IoTToolkit.ZTO\IoTToolkitVM.cs:行号 180
   在 Utilities.Windows.SimpleCommand.ExecuteCore(Object parameter) 位置 D:\programming\Wayzim\CommonUtilities\Utilities2\Utilities\Windows\SimpleCommand.cs:行号 153
   在 Utilities.Windows.SimpleCommand.Execute(Object parameter) 位置 D:\programming\Wayzim\CommonUtilities\Utilities2\Utilities\Windows\SimpleCommand.cs:行号 134
