2021-10-15 16:24:01,315 DEBUG ====================Utility Initializing====================
2021-10-15 16:24:01,337 DEBUG [AssemblyVersion]
IoTToolkit, Version=1.1.0.0, Culture=neutral, PublicKeyToken=null, InDebug=True
HandyControl, Version=3.2.0.0, Culture=neutral, PublicKeyToken=45be8712787a1e5b, InDebug=False
Utilities, Version=2.1.7.0, Culture=neutral, PublicKeyToken=null, InDebug=True
Utilities.Log, Version=1.0.2.0, Culture=neutral, PublicKeyToken=null, InDebug=True
log4net, Version=2.0.7.0, Culture=neutral, PublicKeyToken=669e0ddf0bb1aa2a, InDebug=False
2021-10-15 16:24:01,344 DEBUG [SynapticsVirusDetector]检查了4个文件
2021-10-15 16:24:01,345 DEBUG [SynapticsVirusDetector]检测耗时14.8756ms
2021-10-15 16:24:01,346 DEBUG [Performance] Start logging
2021-10-15 16:24:06,818 DEBUG [Performance]	CPU=36.95%	RAM=3.92/7.85G	C=96.15/187.22G	D=33.51/80.00G	E=139.28/416.00G	F=161.74/415.51G	G=12.75/50.00G
Name=IoTToolkit	Trd=18	RAM=85.72M|72.90M	PT=2.13|1.14|6.60s	CPU=0.00%|0.00%
2021-10-15 16:24:31,363 DEBUG [Performance]	CPU=8.44%	RAM=3.91/7.85G	C=96.15/187.22G	D=33.51/80.00G	E=139.28/416.00G	F=161.74/415.51G	G=12.75/50.00G
Name=IoTToolkit	Trd=16	RAM=84.54M|71.75M	PT=2.39|1.27|31.15s	CPU=0.89%|0.42%
2021-10-15 16:25:01,359 DEBUG [Performance]	CPU=6.19%	RAM=3.93/7.85G	C=96.14/187.22G	D=33.51/80.00G	E=139.28/416.00G	F=161.74/415.51G	G=12.75/50.00G
Name=IoTToolkit	Trd=13	RAM=84.57M|71.66M	PT=2.39|1.27|61.14s	CPU=0.00%|0.00%
2021-10-15 16:25:31,364 DEBUG [Performance]	CPU=12.90%	RAM=3.90/7.85G	C=96.14/187.22G	D=33.51/80.00G	E=139.28/416.00G	F=161.74/415.51G	G=12.75/50.00G
Name=IoTToolkit	Trd=13	RAM=84.70M|71.79M	PT=2.39|1.27|91.15s	CPU=0.00%|0.00%
2021-10-15 16:26:01,375 DEBUG [Performance]	CPU=16.97%	RAM=3.59/7.85G	C=96.14/187.22G	D=33.51/80.00G	E=139.28/416.00G	F=161.74/415.51G	G=12.75/50.00G
Name=IoTToolkit	Trd=13	RAM=84.86M|72.27M	PT=2.41|1.27|121.16s	CPU=0.05%|0.00%
2021-10-15 16:26:31,380 DEBUG [Performance]	CPU=15.18%	RAM=3.42/7.85G	C=96.11/187.22G	D=33.51/80.00G	E=139.28/416.00G	F=161.74/415.51G	G=12.75/50.00G
Name=IoTToolkit	Trd=10	RAM=85.18M|72.20M	PT=2.41|1.27|151.16s	CPU=0.00%|0.00%
2021-10-15 16:29:54,928 DEBUG [Performance]	CPU=87.57%	RAM=3.31/7.85G	C=96.10/187.22G	D=33.51/80.00G	E=139.28/416.00G	F=161.74/415.51G	G=12.75/50.00G
Name=IoTToolkit	Trd=12	RAM=85.53M|72.86M	PT=2.41|1.27|354.71s	CPU=0.00%|0.00%
2021-10-15 16:32:07,990 DEBUG [Performance]	CPU=80.96%	RAM=3.36/7.85G	C=96.09/187.22G	D=33.51/80.00G	E=139.28/416.00G	F=161.74/415.51G	G=12.75/50.00G
Name=IoTToolkit	Trd=12	RAM=85.97M|73.02M	PT=2.42|1.27|487.77s	CPU=0.01%|0.00%
2021-10-15 16:32:37,993 DEBUG [Performance]	CPU=2.33%	RAM=3.40/7.85G	C=96.09/187.22G	D=33.51/80.00G	E=139.28/416.00G	F=161.74/415.51G	G=12.75/50.00G
Name=IoTToolkit	Trd=12	RAM=86.10M|73.15M	PT=2.44|1.27|517.78s	CPU=0.05%|0.00%
2021-10-15 16:33:08,005 DEBUG [Performance]	CPU=3.87%	RAM=3.46/7.85G	C=96.09/187.22G	D=33.51/80.00G	E=139.28/416.00G	F=161.74/415.51G	G=12.75/50.00G
Name=IoTToolkit	Trd=12	RAM=86.24M|73.27M	PT=2.44|1.27|547.79s	CPU=0.00%|0.00%
2021-10-15 16:33:38,064 DEBUG [Performance]	CPU=6.13%	RAM=3.46/7.85G	C=96.09/187.22G	D=33.51/80.00G	E=139.28/416.00G	F=161.74/415.51G	G=12.75/50.00G
Name=IoTToolkit	Trd=12	RAM=86.38M|73.40M	PT=2.48|1.31|577.85s	CPU=0.16%|0.16%
2021-10-15 16:34:08,028 DEBUG [Performance]	CPU=7.41%	RAM=3.47/7.85G	C=96.09/187.22G	D=33.51/80.00G	E=139.28/416.00G	F=161.74/415.51G	G=12.75/50.00G
Name=IoTToolkit	Trd=13	RAM=86.72M|73.97M	PT=2.56|1.39|607.81s	CPU=0.26%|0.26%
2021-10-15 16:34:38,045 DEBUG [Performance]	CPU=6.89%	RAM=3.47/7.85G	C=96.09/187.22G	D=33.51/80.00G	E=139.28/416.00G	F=161.74/415.51G	G=12.75/50.00G
Name=IoTToolkit	Trd=11	RAM=86.66M|73.83M	PT=2.58|1.39|637.83s	CPU=0.05%|0.00%
2021-10-15 16:35:08,053 DEBUG [Performance]	CPU=8.74%	RAM=3.46/7.85G	C=96.09/187.22G	D=33.51/80.00G	E=139.28/416.00G	F=161.74/415.51G	G=12.75/50.00G
Name=IoTToolkit	Trd=11	RAM=86.66M|73.83M	PT=2.58|1.39|667.84s	CPU=0.00%|0.00%
2021-10-15 16:35:38,069 DEBUG [Performance]	CPU=6.81%	RAM=3.46/7.85G	C=96.09/187.22G	D=33.51/80.00G	E=139.28/416.00G	F=161.74/415.51G	G=12.75/50.00G
Name=IoTToolkit	Trd=10	RAM=86.62M|73.76M	PT=2.59|1.41|697.85s	CPU=0.05%|0.05%
2021-10-15 16:36:08,069 DEBUG [Performance]	CPU=14.61%	RAM=3.38/7.85G	C=96.09/187.22G	D=33.51/80.00G	E=139.28/416.00G	F=161.74/415.51G	G=12.75/50.00G
Name=IoTToolkit	Trd=10	RAM=86.62M|73.76M	PT=2.63|1.41|727.85s	CPU=0.10%|0.00%
2021-10-15 16:36:38,081 DEBUG [Performance]	CPU=20.18%	RAM=3.27/7.85G	C=96.09/187.22G	D=33.51/80.00G	E=139.28/416.00G	F=161.74/415.51G	G=12.75/50.00G
Name=IoTToolkit	Trd=12	RAM=86.67M|73.89M	PT=2.64|1.42|757.86s	CPU=0.05%|0.05%
2021-10-15 16:37:08,084 DEBUG [Performance]	CPU=6.53%	RAM=3.30/7.85G	C=96.09/187.22G	D=33.51/80.00G	E=139.28/416.00G	F=161.74/415.51G	G=12.75/50.00G
Name=IoTToolkit	Trd=11	RAM=86.64M|73.82M	PT=2.66|1.44|787.87s	CPU=0.05%|0.05%
2021-10-15 16:37:38,092 DEBUG [Performance]	CPU=13.90%	RAM=3.29/7.85G	C=96.09/187.22G	D=33.51/80.00G	E=139.28/416.00G	F=161.74/415.51G	G=12.75/50.00G
Name=IoTToolkit	Trd=8	RAM=86.56M|73.61M	PT=2.69|1.45|817.88s	CPU=0.10%|0.05%
2021-10-15 16:38:08,092 DEBUG [Performance]	CPU=14.97%	RAM=3.29/7.85G	C=96.09/187.22G	D=33.51/80.00G	E=139.28/416.00G	F=161.74/415.51G	G=12.75/50.00G
Name=IoTToolkit	Trd=9	RAM=86.59M|73.68M	PT=2.69|1.45|847.88s	CPU=0.00%|0.00%
2021-10-15 16:38:38,109 DEBUG [Performance]	CPU=23.23%	RAM=3.23/7.85G	C=96.08/187.22G	D=33.51/80.00G	E=139.28/416.00G	F=161.74/415.51G	G=12.75/50.00G
Name=IoTToolkit	Trd=9	RAM=86.58M|73.68M	PT=2.70|1.45|877.89s	CPU=0.05%|0.00%
2021-10-15 16:39:08,116 DEBUG [Performance]	CPU=21.93%	RAM=3.26/7.85G	C=96.07/187.22G	D=33.51/80.00G	E=139.28/416.00G	F=161.74/415.51G	G=12.75/50.00G
Name=IoTToolkit	Trd=10	RAM=86.62M|73.75M	PT=2.72|1.47|907.90s	CPU=0.05%|0.05%
2021-10-15 16:39:38,126 DEBUG [Performance]	CPU=20.53%	RAM=3.22/7.85G	C=96.07/187.22G	D=33.51/80.00G	E=139.28/416.00G	F=161.74/415.51G	G=12.75/50.00G
Name=IoTToolkit	Trd=10	RAM=86.62M|73.75M	PT=2.73|1.48|937.91s	CPU=0.05%|0.05%
2021-10-15 16:40:08,137 DEBUG [Performance]	CPU=17.31%	RAM=3.18/7.85G	C=96.06/187.22G	D=33.51/80.00G	E=139.28/416.00G	F=161.74/415.51G	G=12.75/50.00G
Name=IoTToolkit	Trd=12	RAM=86.69M|73.89M	PT=2.73|1.48|967.92s	CPU=0.00%|0.00%
2021-10-15 16:40:38,157 DEBUG [Performance]	CPU=21.74%	RAM=3.16/7.85G	C=96.06/187.22G	D=33.51/80.00G	E=139.28/416.00G	F=161.74/415.51G	G=12.75/50.00G
Name=IoTToolkit	Trd=12	RAM=86.69M|73.89M	PT=2.75|1.48|997.94s	CPU=0.05%|0.00%
2021-10-15 16:41:08,160 DEBUG [Performance]	CPU=25.82%	RAM=3.18/7.85G	C=96.06/187.22G	D=33.51/80.00G	E=139.28/416.00G	F=161.74/415.51G	G=12.75/50.00G
Name=IoTToolkit	Trd=12	RAM=86.70M|73.89M	PT=2.77|1.48|1027.94s	CPU=0.05%|0.00%
2021-10-15 16:41:38,170 DEBUG [Performance]	CPU=19.00%	RAM=3.19/7.85G	C=96.06/187.22G	D=33.51/80.00G	E=139.28/416.00G	F=161.74/415.51G	G=12.75/50.00G
Name=IoTToolkit	Trd=12	RAM=86.70M|73.89M	PT=2.81|1.50|1057.95s	CPU=0.16%|0.05%
2021-10-15 16:42:08,173 DEBUG [Performance]	CPU=15.29%	RAM=3.18/7.85G	C=96.06/187.22G	D=33.51/80.00G	E=139.28/416.00G	F=161.74/415.51G	G=12.75/50.00G
Name=IoTToolkit	Trd=8	RAM=86.59M|73.61M	PT=2.84|1.52|1087.96s	CPU=0.10%|0.05%
2021-10-15 16:42:38,188 DEBUG [Performance]	CPU=20.16%	RAM=3.16/7.85G	C=96.06/187.22G	D=33.51/80.00G	E=139.28/416.00G	F=161.74/415.51G	G=12.75/50.00G
Name=IoTToolkit	Trd=9	RAM=86.62M|73.69M	PT=2.86|1.52|1117.97s	CPU=0.05%|0.00%
2021-10-15 16:43:08,205 DEBUG [Performance]	CPU=39.50%	RAM=2.89/7.85G	C=96.04/187.22G	D=33.51/80.00G	E=139.28/416.00G	F=161.74/415.51G	G=12.75/50.00G
Name=IoTToolkit	Trd=9	RAM=86.61M|73.69M	PT=2.86|1.52|1147.99s	CPU=0.00%|0.00%
2021-10-15 16:43:38,201 DEBUG [Performance]	CPU=34.50%	RAM=3.01/7.85G	C=95.97/187.22G	D=33.51/80.00G	E=139.28/416.00G	F=161.74/415.51G	G=12.75/50.00G
Name=IoTToolkit	Trd=9	RAM=86.61M|73.69M	PT=2.89|1.55|1177.99s	CPU=0.10%|0.10%
2021-10-15 16:44:08,203 DEBUG [Performance]	CPU=23.79%	RAM=2.87/7.85G	C=95.59/187.22G	D=33.51/80.00G	E=139.28/416.00G	F=161.74/415.51G	G=12.75/50.00G
Name=IoTToolkit	Trd=9	RAM=86.61M|73.69M	PT=2.89|1.55|1207.99s	CPU=0.00%|0.00%
2021-10-15 16:44:38,212 DEBUG [Performance]	CPU=20.75%	RAM=3.01/7.85G	C=95.45/187.22G	D=33.51/80.00G	E=139.28/416.00G	F=161.74/415.51G	G=12.75/50.00G
Name=IoTToolkit	Trd=9	RAM=86.62M|73.69M	PT=2.91|1.55|1238.00s	CPU=0.05%|0.00%
2021-10-15 16:45:08,223 DEBUG [Performance]	CPU=16.22%	RAM=3.04/7.85G	C=95.85/187.22G	D=33.51/80.00G	E=139.28/416.00G	F=161.74/415.51G	G=12.75/50.00G
Name=IoTToolkit	Trd=9	RAM=86.62M|73.69M	PT=2.91|1.55|1268.01s	CPU=0.00%|0.00%
2021-10-15 16:45:38,262 DEBUG [Performance]	CPU=14.82%	RAM=3.03/7.85G	C=95.87/187.22G	D=33.51/80.00G	E=139.28/416.00G	F=161.74/415.51G	G=12.75/50.00G
Name=IoTToolkit	Trd=9	RAM=86.66M|73.74M	PT=2.97|1.59|1298.05s	CPU=0.21%|0.16%
2021-10-15 16:46:08,234 DEBUG [Performance]	CPU=18.68%	RAM=2.98/7.85G	C=95.87/187.22G	D=33.51/80.00G	E=139.28/416.00G	F=161.74/415.51G	G=12.75/50.00G
Name=IoTToolkit	Trd=10	RAM=86.69M|73.81M	PT=2.98|1.59|1328.02s	CPU=0.05%|0.00%
2021-10-15 16:46:38,246 DEBUG [Performance]	CPU=18.40%	RAM=2.99/7.85G	C=95.87/187.22G	D=33.51/80.00G	E=139.28/416.00G	F=161.74/415.51G	G=12.75/50.00G
Name=IoTToolkit	Trd=9	RAM=86.66M|73.73M	PT=3.00|1.59|1358.03s	CPU=0.05%|0.00%
2021-10-15 16:47:08,266 DEBUG [Performance]	CPU=19.92%	RAM=3.10/7.85G	C=95.86/187.22G	D=33.51/80.00G	E=139.28/416.00G	F=161.74/415.51G	G=12.75/50.00G
Name=IoTToolkit	Trd=10	RAM=83.05M|73.80M	PT=3.02|1.59|1388.05s	CPU=0.05%|0.00%
2021-10-15 16:47:38,267 DEBUG [Performance]	CPU=30.20%	RAM=3.08/7.85G	C=95.84/187.22G	D=33.51/80.00G	E=139.28/416.00G	F=161.74/415.51G	G=12.75/50.00G
Name=IoTToolkit	Trd=10	RAM=83.12M|73.80M	PT=3.03|1.59|1418.05s	CPU=0.05%|0.00%
2021-10-15 16:48:08,276 DEBUG [Performance]	CPU=27.85%	RAM=3.08/7.85G	C=95.82/187.22G	D=33.51/80.00G	E=139.28/416.00G	F=161.74/415.51G	G=12.75/50.00G
Name=IoTToolkit	Trd=10	RAM=83.18M|73.80M	PT=3.05|1.59|1448.06s	CPU=0.05%|0.00%
2021-10-15 16:48:38,290 DEBUG [Performance]	CPU=19.57%	RAM=3.09/7.85G	C=95.82/187.22G	D=33.51/80.00G	E=139.28/416.00G	F=161.74/415.51G	G=12.75/50.00G
Name=IoTToolkit	Trd=12	RAM=83.29M|73.94M	PT=3.06|1.59|1478.07s	CPU=0.05%|0.00%
2021-10-15 16:49:08,313 DEBUG [Performance]	CPU=24.44%	RAM=3.14/7.85G	C=95.80/187.22G	D=33.51/80.00G	E=139.28/416.00G	F=161.74/415.51G	G=12.75/50.00G
Name=IoTToolkit	Trd=12	RAM=83.34M|73.93M	PT=3.08|1.61|1508.10s	CPU=0.05%|0.05%
2021-10-15 16:49:38,322 DEBUG [Performance]	CPU=31.48%	RAM=3.17/7.85G	C=95.75/187.22G	D=33.51/80.00G	E=139.28/416.00G	F=161.74/415.51G	G=12.75/50.00G
Name=IoTToolkit	Trd=12	RAM=83.40M|73.94M	PT=3.09|1.61|1538.11s	CPU=0.05%|0.00%
