2021-10-21 21:13:14,124 DEBUG ====================Utility Initializing====================
2021-10-21 21:13:14,163 DEBUG [AssemblyVersion]
IoTToolkit, Version=1.1.0.0, Culture=neutral, PublicKeyToken=null, InDebug=True
HandyControl, Version=3.2.0.0, Culture=neutral, PublicKeyToken=45be8712787a1e5b, InDebug=False
Utilities, Version=2.1.7.0, Culture=neutral, PublicKeyToken=null, InDebug=True
Utilities.Log, Version=1.0.2.0, Culture=neutral, PublicKeyToken=null, InDebug=True
log4net, Version=2.0.7.0, Culture=neutral, PublicKeyToken=669e0ddf0bb1aa2a, InDebug=False
2021-10-21 21:13:14,166 DEBUG [Performance] Start logging
2021-10-21 21:13:14,191 DEBUG [SynapticsVirusDetector]检查了4个文件
2021-10-21 21:13:14,191 DEBUG [SynapticsVirusDetector]检测耗时36.6958ms
2021-10-21 21:13:19,719 DEBUG [Performance]	CPU=49.20%	RAM=3.98/7.85G	C=89.10/187.22G	D=33.51/80.00G	E=138.59/416.00G	F=155.47/415.51G	G=12.75/50.00G
Name=IoTToolkit	Trd=20	RAM=87.62M|65.39M	PT=2.73|1.31|6.59s	CPU=0.00%|0.00%
2021-10-21 21:13:22,682 DEBUG 'Bind' [] Binded to 192.168.2.100:3000
2021-10-21 21:13:34,565 DEBUG 'Send' [] AA AA 01 00 00 00 0D 00 14 03 16 01 00
2021-10-21 21:13:44,182 DEBUG [Performance]	CPU=11.34%	RAM=4.00/7.85G	C=89.10/187.22G	D=33.51/80.00G	E=138.59/416.00G	F=155.47/415.51G	G=12.75/50.00G
Name=IoTToolkit	Trd=23	RAM=96.06M|67.66M	PT=4.28|2.41|31.05s	CPU=5.16%|3.65%
2021-10-21 21:13:47,598 DEBUG 'Send' [] AA AA 02 00 00 00 0D 00 14 03 16 01 00
2021-10-21 21:14:14,192 DEBUG [Performance]	CPU=8.41%	RAM=4.00/7.85G	C=89.10/187.22G	D=33.51/80.00G	E=138.59/416.00G	F=155.47/415.51G	G=12.75/50.00G
Name=IoTToolkit	Trd=15	RAM=98.36M|69.54M	PT=5.05|2.94|61.06s	CPU=2.55%|1.77%
2021-10-21 21:14:18,819 DEBUG 'Receive' [] AA AA 01 00 00 00 45 00 00 01 16 08 00 01 06 01 00 00 00 00 02 06 00 00 00 00 00 06 06 00 00 00 00 00 0D 06 00 00 00 00 00 0F 06 00 00 00 00 00 15 06 00 00 00 00 00 16 06 00 00 00 00 00 1A 06 00 00 00 00 00
2021-10-21 21:14:39,812 DEBUG 'Send' [] AA AA 03 00 00 00 0D 00 14 03 16 01 00
2021-10-21 21:14:44,196 DEBUG [Performance]	CPU=10.85%	RAM=4.00/7.85G	C=89.10/187.22G	D=33.51/80.00G	E=138.59/416.00G	F=155.47/415.51G	G=12.75/50.00G
Name=IoTToolkit	Trd=14	RAM=101.20M|72.05M	PT=5.41|3.20|91.06s	CPU=1.20%|0.89%
2021-10-21 21:15:14,205 DEBUG [Performance]	CPU=6.95%	RAM=4.00/7.85G	C=89.10/187.22G	D=33.51/80.00G	E=138.59/416.00G	F=155.47/415.51G	G=12.75/50.00G
Name=IoTToolkit	Trd=14	RAM=101.39M|72.14M	PT=5.78|3.42|121.07s	CPU=1.25%|0.73%
2021-10-21 21:15:44,223 DEBUG [Performance]	CPU=6.10%	RAM=4.02/7.85G	C=89.10/187.22G	D=33.51/80.00G	E=138.59/416.00G	F=155.47/415.51G	G=12.75/50.00G
Name=IoTToolkit	Trd=10	RAM=101.27M|71.86M	PT=5.80|3.42|151.09s	CPU=0.05%|0.00%
2021-10-21 21:16:14,228 DEBUG [Performance]	CPU=10.07%	RAM=4.01/7.85G	C=89.10/187.22G	D=33.51/80.00G	E=138.59/416.00G	F=155.47/415.51G	G=12.75/50.00G
Name=IoTToolkit	Trd=13	RAM=101.37M|72.07M	PT=5.83|3.44|181.09s	CPU=0.10%|0.05%
2021-10-21 21:16:20,821 DEBUG 'Receive' [] AA AA 01 00 00 00 22 00 03 01 16 03 00 01 06 01 00 00 00 00 05 06 00 00 00 00 00 14 06 00 00 00 00 00
2021-10-21 21:16:26,701 DEBUG 'Send' [] AA AA 04 00 00 00 0D 00 14 03 16 01 00
2021-10-21 21:16:44,234 DEBUG [Performance]	CPU=10.71%	RAM=4.02/7.85G	C=89.10/187.22G	D=33.51/80.00G	E=138.59/416.00G	F=155.47/415.51G	G=12.75/50.00G
Name=IoTToolkit	Trd=14	RAM=103.10M|73.85M	PT=6.27|3.72|211.10s	CPU=1.46%|0.94%
2021-10-21 21:17:14,252 DEBUG [Performance]	CPU=6.23%	RAM=4.03/7.85G	C=89.10/187.22G	D=33.51/80.00G	E=138.59/416.00G	F=155.47/415.51G	G=12.75/50.00G
Name=IoTToolkit	Trd=13	RAM=103.06M|73.77M	PT=6.30|3.72|241.12s	CPU=0.10%|0.00%
2021-10-21 21:17:44,260 DEBUG [Performance]	CPU=8.83%	RAM=4.03/7.85G	C=89.10/187.22G	D=33.51/80.00G	E=138.59/416.00G	F=155.47/415.51G	G=12.75/50.00G
Name=IoTToolkit	Trd=12	RAM=103.03M|73.70M	PT=6.31|3.72|271.13s	CPU=0.05%|0.00%
2021-10-21 21:18:14,263 DEBUG [Performance]	CPU=6.61%	RAM=4.04/7.85G	C=89.10/187.22G	D=33.51/80.00G	E=138.59/416.00G	F=155.47/415.51G	G=12.75/50.00G
Name=IoTToolkit	Trd=12	RAM=103.04M|73.70M	PT=6.31|3.72|301.13s	CPU=0.00%|0.00%
2021-10-21 21:18:44,280 DEBUG [Performance]	CPU=8.23%	RAM=4.04/7.85G	C=89.10/187.22G	D=33.51/80.00G	E=138.59/416.00G	F=155.47/415.51G	G=12.75/50.00G
Name=IoTToolkit	Trd=14	RAM=103.11M|73.84M	PT=6.31|3.72|331.15s	CPU=0.00%|0.00%
2021-10-21 21:18:56,683 DEBUG 'Send' [] AA AA 05 00 00 00 0D 00 14 03 16 01 00
2021-10-21 21:19:14,291 DEBUG [Performance]	CPU=10.72%	RAM=4.03/7.85G	C=89.10/187.22G	D=33.51/80.00G	E=138.59/416.00G	F=155.47/415.51G	G=12.75/50.00G
Name=IoTToolkit	Trd=15	RAM=105.08M|75.82M	PT=6.94|4.09|361.16s	CPU=2.08%|1.25%
2021-10-21 21:19:34,018 DEBUG 'Send' [] AA AA 06 00 00 00 0D 00 14 03 16 01 00
2021-10-21 21:19:44,293 DEBUG [Performance]	CPU=13.46%	RAM=4.03/7.85G	C=89.10/187.22G	D=33.51/80.00G	E=138.59/416.00G	F=155.47/415.51G	G=12.75/50.00G
Name=IoTToolkit	Trd=16	RAM=106.97M|77.72M	PT=7.39|4.44|391.16s	CPU=1.51%|1.15%
2021-10-21 21:20:14,298 DEBUG [Performance]	CPU=12.04%	RAM=4.02/7.85G	C=89.10/187.22G	D=33.51/80.00G	E=138.59/416.00G	F=155.47/415.51G	G=12.75/50.00G
Name=IoTToolkit	Trd=14	RAM=106.92M|77.57M	PT=8.17|4.97|421.17s	CPU=2.60%|1.77%
2021-10-21 21:20:44,303 DEBUG [Performance]	CPU=13.82%	RAM=4.00/7.85G	C=89.10/187.22G	D=33.51/80.00G	E=138.59/416.00G	F=155.47/415.51G	G=12.75/50.00G
Name=IoTToolkit	Trd=13	RAM=106.91M|77.49M	PT=8.19|4.97|451.17s	CPU=0.05%|0.00%
2021-10-21 21:21:14,321 DEBUG [Performance]	CPU=17.60%	RAM=3.83/7.85G	C=89.10/187.22G	D=33.51/80.00G	E=138.59/416.00G	F=155.47/415.51G	G=12.75/50.00G
Name=IoTToolkit	Trd=10	RAM=106.83M|77.28M	PT=8.20|4.97|481.19s	CPU=0.05%|0.00%
2021-10-21 21:21:44,323 DEBUG [Performance]	CPU=12.45%	RAM=3.83/7.85G	C=89.10/187.22G	D=33.51/80.00G	E=138.59/416.00G	F=155.47/415.51G	G=12.75/50.00G
Name=IoTToolkit	Trd=10	RAM=106.85M|77.34M	PT=8.23|4.97|511.19s	CPU=0.10%|0.00%
2021-10-21 21:22:14,325 DEBUG [Performance]	CPU=17.05%	RAM=3.80/7.85G	C=89.10/187.22G	D=33.51/80.00G	E=138.59/416.00G	F=155.47/415.51G	G=12.75/50.00G
Name=IoTToolkit	Trd=12	RAM=107.01M|77.55M	PT=8.23|4.97|541.19s	CPU=0.00%|0.00%
2021-10-21 21:22:44,336 DEBUG [Performance]	CPU=21.22%	RAM=3.79/7.85G	C=89.10/187.22G	D=33.51/80.00G	E=138.59/416.00G	F=155.47/415.51G	G=12.75/50.00G
Name=IoTToolkit	Trd=12	RAM=107.14M|77.67M	PT=8.25|4.97|571.20s	CPU=0.05%|0.00%
