2021-10-20 17:20:29,720 DEBUG ====================Utility Initializing====================
2021-10-20 17:20:29,765 DEBUG [AssemblyVersion]
IoTToolkit, Version=1.1.0.0, Culture=neutral, PublicKeyToken=null, InDebug=True
HandyControl, Version=3.2.0.0, Culture=neutral, PublicKeyToken=45be8712787a1e5b, InDebug=False
Utilities, Version=2.1.7.0, Culture=neutral, PublicKeyToken=null, InDebug=True
Utilities.Log, Version=1.0.2.0, Culture=neutral, PublicKeyToken=null, InDebug=True
log4net, Version=2.0.7.0, Culture=neutral, PublicKeyToken=669e0ddf0bb1aa2a, InDebug=False
2021-10-20 17:20:29,766 DEBUG [Performance] Start logging
2021-10-20 17:20:29,789 DEBUG [SynapticsVirusDetector]检查了4个文件
2021-10-20 17:20:29,790 DEBUG [SynapticsVirusDetector]检测耗时31.9134ms
2021-10-20 17:20:30,637 DEBUG [Performance]	CPU=37.56%	RAM=4.11/7.85G	C=91.76/187.22G	D=33.51/80.00G	E=138.74/416.00G	F=155.79/415.51G	G=12.75/50.00G
Name=IoTToolkit	Trd=21	RAM=85.29M|63.94M	PT=1.83|0.81|1.90s	CPU=0.00%|0.00%
2021-10-20 17:20:35,444 DEBUG 'Bind' [] Binded to 192.168.2.100:3000
2021-10-20 17:20:35,761 DEBUG 'Receive' [] AA AA 01 00 00 00 29 00 16 01 16 04 00 01 06 05 00 00 00 00 02 06 05 00 00 00 00 03 06 00 00 00 00 00 05 06 00 00 00 00 00
2021-10-20 17:20:36,754 DEBUG 'Receive' [] AA AA 01 00 00 00 29 00 16 01 16 04 00 01 06 05 00 00 00 00 02 06 05 00 00 00 00 03 06 00 00 00 00 00 05 06 00 00 00 00 00
2021-10-20 17:20:37,754 DEBUG 'Receive' [] AA AA 01 00 00 00 22 00 12 01 16 03 00 01 06 05 00 00 00 00 02 06 05 00 00 00 00 03 06 00 00 00 00 00
2021-10-20 17:20:38,755 DEBUG 'Receive' [] AA AA 01 00 00 00 22 00 12 01 16 03 00 01 06 05 00 00 00 00 02 06 05 00 00 00 00 03 06 00 00 00 00 00
2021-10-20 17:20:39,755 DEBUG 'Receive' [] AA AA 01 00 00 00 22 00 10 01 16 03 00 01 06 05 00 00 00 00 03 06 00 00 00 00 00 05 06 00 00 00 00 00
2021-10-20 17:20:40,755 DEBUG 'Receive' [] AA AA 01 00 00 00 29 00 17 01 16 04 00 01 06 05 00 00 00 00 02 06 05 00 00 00 00 03 06 00 00 00 00 00 04 06 00 00 00 00 00
2021-10-20 17:20:41,754 DEBUG 'Receive' [] AA AA 01 00 00 00 29 00 16 01 16 04 00 01 06 05 00 00 00 00 02 06 05 00 00 00 00 03 06 00 00 00 00 00 05 06 00 00 00 00 00
2021-10-20 17:20:42,755 DEBUG 'Receive' [] AA AA 01 00 00 00 30 00 15 01 16 05 00 01 06 05 00 00 00 00 02 06 05 00 00 00 00 03 06 00 00 00 00 00 04 06 00 00 00 00 00 05 06 00 00 00 00 00
2021-10-20 17:20:43,755 DEBUG 'Receive' [] AA AA 01 00 00 00 29 00 16 01 16 04 00 01 06 05 00 00 00 00 02 06 05 00 00 00 00 03 06 00 00 00 00 00 05 06 00 00 00 00 00
2021-10-20 17:20:44,755 DEBUG 'Receive' [] AA AA 01 00 00 00 29 00 17 01 16 04 00 01 06 05 00 00 00 00 02 06 05 00 00 00 00 03 06 00 00 00 00 00 04 06 00 00 00 00 00
2021-10-20 17:20:45,755 DEBUG 'Receive' [] AA AA 01 00 00 00 1B 00 12 01 16 02 00 01 06 05 00 00 00 00 03 06 00 00 00 00 00
2021-10-20 17:20:46,754 DEBUG 'Receive' [] AA AA 01 00 00 00 29 00 16 01 16 04 00 01 06 05 00 00 00 00 02 06 05 00 00 00 00 03 06 00 00 00 00 00 05 06 00 00 00 00 00
2021-10-20 17:20:47,755 DEBUG 'Receive' [] AA AA 01 00 00 00 29 00 17 01 16 04 00 01 06 05 00 00 00 00 02 06 05 00 00 00 00 03 06 00 00 00 00 00 04 06 00 00 00 00 00
2021-10-20 17:20:48,754 DEBUG 'Receive' [] AA AA 01 00 00 00 29 00 16 01 16 04 00 01 06 05 00 00 00 00 02 06 05 00 00 00 00 03 06 00 00 00 00 00 05 06 00 00 00 00 00
2021-10-20 17:20:49,755 DEBUG 'Receive' [] AA AA 01 00 00 00 30 00 15 01 16 05 00 01 06 05 00 00 00 00 02 06 05 00 00 00 00 03 06 00 00 00 00 00 04 06 00 00 00 00 00 05 06 00 00 00 00 00
2021-10-20 17:20:50,755 DEBUG 'Receive' [] AA AA 01 00 00 00 22 00 12 01 16 03 00 01 06 05 00 00 00 00 02 06 05 00 00 00 00 03 06 00 00 00 00 00
2021-10-20 17:20:51,754 DEBUG 'Receive' [] AA AA 01 00 00 00 29 00 16 01 16 04 00 01 06 05 00 00 00 00 02 06 05 00 00 00 00 03 06 00 00 00 00 00 05 06 00 00 00 00 00
2021-10-20 17:20:52,755 DEBUG 'Receive' [] AA AA 01 00 00 00 30 00 15 01 16 05 00 01 06 05 00 00 00 00 02 06 05 00 00 00 00 03 06 00 00 00 00 00 04 06 00 00 00 00 00 05 06 00 00 00 00 00
2021-10-20 17:20:53,754 DEBUG 'Receive' [] AA AA 01 00 00 00 30 00 15 01 16 05 00 01 06 05 00 00 00 00 02 06 05 00 00 00 00 03 06 00 00 00 00 00 04 06 00 00 00 00 00 05 06 00 00 00 00 00
2021-10-20 17:20:54,755 DEBUG 'Receive' [] AA AA 01 00 00 00 22 00 10 01 16 03 00 01 06 05 00 00 00 00 03 06 00 00 00 00 00 05 06 00 00 00 00 00
2021-10-20 17:20:55,754 DEBUG 'Receive' [] AA AA 01 00 00 00 22 00 15 01 16 03 00 01 06 05 00 00 00 00 02 06 05 00 00 00 00 04 06 00 00 00 00 00
2021-10-20 17:20:56,755 DEBUG 'Receive' [] AA AA 01 00 00 00 29 00 16 01 16 04 00 01 06 05 00 00 00 00 02 06 05 00 00 00 00 03 06 00 00 00 00 00 05 06 00 00 00 00 00
2021-10-20 17:20:57,755 DEBUG 'Receive' [] AA AA 01 00 00 00 29 00 16 01 16 04 00 01 06 05 00 00 00 00 02 06 05 00 00 00 00 03 06 00 00 00 00 00 05 06 00 00 00 00 00
2021-10-20 17:20:58,754 DEBUG 'Receive' [] AA AA 01 00 00 00 29 00 16 01 16 04 00 01 06 05 00 00 00 00 02 06 05 00 00 00 00 03 06 00 00 00 00 00 05 06 00 00 00 00 00
2021-10-20 17:20:59,754 DEBUG 'Receive' [] AA AA 01 00 00 00 29 00 16 01 16 04 00 01 06 05 00 00 00 00 02 06 05 00 00 00 00 03 06 00 00 00 00 00 05 06 00 00 00 00 00
2021-10-20 17:20:59,791 DEBUG [Performance]	CPU=9.32%	RAM=4.09/7.85G	C=91.76/187.22G	D=33.51/80.00G	E=138.74/416.00G	F=155.79/415.51G	G=12.75/50.00G
Name=IoTToolkit	Trd=21	RAM=90.65M|66.23M	PT=4.73|2.67|31.06s	CPU=9.68%|6.20%
2021-10-20 17:21:00,755 DEBUG 'Receive' [] AA AA 01 00 00 00 29 00 16 01 16 04 00 01 06 05 00 00 00 00 02 06 05 00 00 00 00 03 06 00 00 00 00 00 05 06 00 00 00 00 00
2021-10-20 17:21:01,754 DEBUG 'Receive' [] AA AA 01 00 00 00 29 00 17 01 16 04 00 01 06 05 00 00 00 00 02 06 05 00 00 00 00 03 06 00 00 00 00 00 04 06 00 00 00 00 00
2021-10-20 17:21:02,754 DEBUG 'Receive' [] AA AA 01 00 00 00 29 00 16 01 16 04 00 01 06 05 00 00 00 00 02 06 05 00 00 00 00 03 06 00 00 00 00 00 05 06 00 00 00 00 00
2021-10-20 17:21:03,754 DEBUG 'Receive' [] AA AA 01 00 00 00 22 00 12 01 16 03 00 01 06 05 00 00 00 00 02 06 05 00 00 00 00 03 06 00 00 00 00 00
2021-10-20 17:21:04,754 DEBUG 'Receive' [] AA AA 01 00 00 00 29 00 16 01 16 04 00 01 06 05 00 00 00 00 02 06 05 00 00 00 00 03 06 00 00 00 00 00 05 06 00 00 00 00 00
2021-10-20 17:21:05,755 DEBUG 'Receive' [] AA AA 01 00 00 00 30 00 15 01 16 05 00 01 06 05 00 00 00 00 02 06 05 00 00 00 00 03 06 00 00 00 00 00 04 06 00 00 00 00 00 05 06 00 00 00 00 00
2021-10-20 17:21:06,754 DEBUG 'Receive' [] AA AA 01 00 00 00 29 00 16 01 16 04 00 01 06 05 00 00 00 00 02 06 05 00 00 00 00 03 06 00 00 00 00 00 05 06 00 00 00 00 00
2021-10-20 17:21:07,754 DEBUG 'Receive' [] AA AA 01 00 00 00 29 00 11 01 16 04 00 01 06 05 00 00 00 00 02 06 05 00 00 00 00 04 06 00 00 00 00 00 05 06 00 00 00 00 00
2021-10-20 17:21:08,755 DEBUG 'Receive' [] AA AA 01 00 00 00 22 00 10 01 16 03 00 01 06 05 00 00 00 00 03 06 00 00 00 00 00 05 06 00 00 00 00 00
2021-10-20 17:21:09,754 DEBUG 'Receive' [] AA AA 01 00 00 00 29 00 16 01 16 04 00 01 06 05 00 00 00 00 02 06 05 00 00 00 00 03 06 00 00 00 00 00 05 06 00 00 00 00 00
2021-10-20 17:21:10,754 DEBUG 'Receive' [] AA AA 01 00 00 00 29 00 16 01 16 04 00 01 06 05 00 00 00 00 02 06 05 00 00 00 00 03 06 00 00 00 00 00 05 06 00 00 00 00 00
2021-10-20 17:21:11,754 DEBUG 'Receive' [] AA AA 01 00 00 00 29 00 16 01 16 04 00 01 06 05 00 00 00 00 02 06 05 00 00 00 00 03 06 00 00 00 00 00 05 06 00 00 00 00 00
2021-10-20 17:21:12,754 DEBUG 'Receive' [] AA AA 01 00 00 00 29 00 16 01 16 04 00 01 06 05 00 00 00 00 02 06 05 00 00 00 00 03 06 00 00 00 00 00 05 06 00 00 00 00 00
2021-10-20 17:21:13,754 DEBUG 'Receive' [] AA AA 01 00 00 00 29 00 16 01 16 04 00 01 06 05 00 00 00 00 02 06 05 00 00 00 00 03 06 00 00 00 00 00 05 06 00 00 00 00 00
2021-10-20 17:21:14,754 DEBUG 'Receive' [] AA AA 01 00 00 00 29 00 16 01 16 04 00 01 06 05 00 00 00 00 02 06 05 00 00 00 00 03 06 00 00 00 00 00 05 06 00 00 00 00 00
2021-10-20 17:21:15,754 DEBUG 'Receive' [] AA AA 01 00 00 00 30 00 15 01 16 05 00 01 06 05 00 00 00 00 02 06 05 00 00 00 00 03 06 00 00 00 00 00 04 06 00 00 00 00 00 05 06 00 00 00 00 00
2021-10-20 17:21:16,754 DEBUG 'Receive' [] AA AA 01 00 00 00 22 00 10 01 16 03 00 01 06 05 00 00 00 00 03 06 00 00 00 00 00 05 06 00 00 00 00 00
2021-10-20 17:21:17,754 DEBUG 'Receive' [] AA AA 01 00 00 00 29 00 16 01 16 04 00 01 06 05 00 00 00 00 02 06 05 00 00 00 00 03 06 00 00 00 00 00 05 06 00 00 00 00 00
2021-10-20 17:21:18,753 DEBUG 'Receive' [] AA AA 01 00 00 00 22 00 12 01 16 03 00 01 06 05 00 00 00 00 02 06 05 00 00 00 00 03 06 00 00 00 00 00
2021-10-20 17:21:19,754 DEBUG 'Receive' [] AA AA 01 00 00 00 29 00 16 01 16 04 00 01 06 05 00 00 00 00 02 06 05 00 00 00 00 03 06 00 00 00 00 00 05 06 00 00 00 00 00
2021-10-20 17:21:20,754 DEBUG 'Receive' [] AA AA 01 00 00 00 29 00 16 01 16 04 00 01 06 05 00 00 00 00 02 06 05 00 00 00 00 03 06 00 00 00 00 00 05 06 00 00 00 00 00
2021-10-20 17:21:21,754 DEBUG 'Receive' [] AA AA 01 00 00 00 30 00 15 01 16 05 00 01 06 05 00 00 00 00 02 06 05 00 00 00 00 03 06 00 00 00 00 00 04 06 00 00 00 00 00 05 06 00 00 00 00 00
2021-10-20 17:21:22,754 DEBUG 'Receive' [] AA AA 01 00 00 00 30 00 15 01 16 05 00 01 06 05 00 00 00 00 02 06 05 00 00 00 00 03 06 00 00 00 00 00 04 06 00 00 00 00 00 05 06 00 00 00 00 00
2021-10-20 17:21:23,754 DEBUG 'Receive' [] AA AA 01 00 00 00 29 00 16 01 16 04 00 01 06 05 00 00 00 00 02 06 05 00 00 00 00 03 06 00 00 00 00 00 05 06 00 00 00 00 00
2021-10-20 17:21:24,754 DEBUG 'Receive' [] AA AA 01 00 00 00 29 00 16 01 16 04 00 01 06 05 00 00 00 00 02 06 05 00 00 00 00 03 06 00 00 00 00 00 05 06 00 00 00 00 00
2021-10-20 17:21:25,754 DEBUG 'Receive' [] AA AA 01 00 00 00 29 00 16 01 16 04 00 01 06 05 00 00 00 00 02 06 05 00 00 00 00 03 06 00 00 00 00 00 05 06 00 00 00 00 00
2021-10-20 17:21:26,754 DEBUG 'Receive' [] AA AA 01 00 00 00 22 00 12 01 16 03 00 01 06 05 00 00 00 00 02 06 05 00 00 00 00 03 06 00 00 00 00 00
2021-10-20 17:21:27,755 DEBUG 'Receive' [] AA AA 01 00 00 00 29 00 16 01 16 04 00 01 06 05 00 00 00 00 02 06 05 00 00 00 00 03 06 00 00 00 00 00 05 06 00 00 00 00 00
2021-10-20 17:21:28,754 DEBUG 'Receive' [] AA AA 01 00 00 00 29 00 16 01 16 04 00 01 06 05 00 00 00 00 02 06 05 00 00 00 00 03 06 00 00 00 00 00 05 06 00 00 00 00 00
2021-10-20 17:21:29,754 DEBUG 'Receive' [] AA AA 01 00 00 00 22 00 12 01 16 03 00 01 06 05 00 00 00 00 02 06 05 00 00 00 00 03 06 00 00 00 00 00
2021-10-20 17:21:29,787 DEBUG [Performance]	CPU=9.03%	RAM=4.10/7.85G	C=91.76/187.22G	D=33.51/80.00G	E=138.74/416.00G	F=155.79/415.51G	G=12.75/50.00G
Name=IoTToolkit	Trd=19	RAM=90.25M|65.45M	PT=8.00|5.27|61.05s	CPU=10.89%|8.65%
2021-10-20 17:21:30,753 DEBUG 'Receive' [] AA AA 01 00 00 00 29 00 17 01 16 04 00 01 06 05 00 00 00 00 02 06 05 00 00 00 00 03 06 00 00 00 00 00 04 06 00 00 00 00 00
2021-10-20 17:21:31,753 DEBUG 'Receive' [] AA AA 01 00 00 00 29 00 16 01 16 04 00 01 06 05 00 00 00 00 02 06 05 00 00 00 00 03 06 00 00 00 00 00 05 06 00 00 00 00 00
2021-10-20 17:21:32,754 DEBUG 'Receive' [] AA AA 01 00 00 00 30 00 15 01 16 05 00 01 06 05 00 00 00 00 02 06 05 00 00 00 00 03 06 00 00 00 00 00 04 06 00 00 00 00 00 05 06 00 00 00 00 00
2021-10-20 17:21:33,754 DEBUG 'Receive' [] AA AA 01 00 00 00 29 00 16 01 16 04 00 01 06 05 00 00 00 00 02 06 05 00 00 00 00 03 06 00 00 00 00 00 05 06 00 00 00 00 00
2021-10-20 17:21:34,753 DEBUG 'Receive' [] AA AA 01 00 00 00 29 00 16 01 16 04 00 01 06 05 00 00 00 00 02 06 05 00 00 00 00 03 06 00 00 00 00 00 05 06 00 00 00 00 00
2021-10-20 17:21:35,754 DEBUG 'Receive' [] AA AA 01 00 00 00 22 00 12 01 16 03 00 01 06 05 00 00 00 00 02 06 05 00 00 00 00 03 06 00 00 00 00 00
2021-10-20 17:21:36,754 DEBUG 'Receive' [] AA AA 01 00 00 00 29 00 17 01 16 04 00 01 06 05 00 00 00 00 02 06 05 00 00 00 00 03 06 00 00 00 00 00 04 06 00 00 00 00 00
2021-10-20 17:21:37,754 DEBUG 'Receive' [] AA AA 01 00 00 00 22 00 10 01 16 03 00 01 06 05 00 00 00 00 03 06 00 00 00 00 00 05 06 00 00 00 00 00
2021-10-20 17:21:38,754 DEBUG 'Receive' [] AA AA 01 00 00 00 29 00 11 01 16 04 00 01 06 05 00 00 00 00 02 06 05 00 00 00 00 04 06 00 00 00 00 00 05 06 00 00 00 00 00
2021-10-20 17:21:39,754 DEBUG 'Receive' [] AA AA 01 00 00 00 29 00 16 01 16 04 00 01 06 05 00 00 00 00 02 06 05 00 00 00 00 03 06 00 00 00 00 00 05 06 00 00 00 00 00
2021-10-20 17:21:40,754 DEBUG 'Receive' [] AA AA 01 00 00 00 29 00 16 01 16 04 00 01 06 05 00 00 00 00 02 06 05 00 00 00 00 03 06 00 00 00 00 00 05 06 00 00 00 00 00
2021-10-20 17:21:41,754 DEBUG 'Receive' [] AA AA 01 00 00 00 29 00 16 01 16 04 00 01 06 05 00 00 00 00 02 06 05 00 00 00 00 03 06 00 00 00 00 00 05 06 00 00 00 00 00
2021-10-20 17:21:42,754 DEBUG 'Receive' [] AA AA 01 00 00 00 22 00 12 01 16 03 00 01 06 05 00 00 00 00 02 06 05 00 00 00 00 03 06 00 00 00 00 00
2021-10-20 17:21:42,834 DEBUG 'Send' [] AA AA 01 00 00 00 2F 00 07 04 16 01 00 00 00 00 00 00 00 00 00 00 00 0B 00 C8 00 C0 12 96 00 B8 0B 78 00 B8 0B E8 03 E8 03 E8 03 00 00 00 00
2021-10-20 17:21:42,858 DEBUG 'Receive' [] AA AA 01 00 00 00 2F 00 AF 04 96 01 00 21 08 21 20 00 00 00 00 00 00 0B 00 C8 00 C0 12 96 00 B8 0B 78 00 B8 0B E8 03 E8 03 E8 03 00 00 00 00
2021-10-20 17:21:43,775 DEBUG 'Receive' [] AA AA 01 00 00 00 22 00 12 01 16 03 00 01 06 05 00 00 00 00 02 06 05 00 00 00 00 03 06 00 00 00 00 00
2021-10-20 17:21:44,775 DEBUG 'Receive' [] AA AA 01 00 00 00 29 00 16 01 16 04 00 01 06 05 00 00 00 00 02 06 05 00 00 00 00 03 06 00 00 00 00 00 05 06 00 00 00 00 00
2021-10-20 17:21:45,775 DEBUG 'Receive' [] AA AA 01 00 00 00 30 00 15 01 16 05 00 01 06 05 00 00 00 00 02 06 05 00 00 00 00 03 06 00 00 00 00 00 04 06 00 00 00 00 00 05 06 00 00 00 00 00
2021-10-20 17:21:46,775 DEBUG 'Receive' [] AA AA 01 00 00 00 22 00 14 01 16 03 00 01 06 05 00 00 00 00 02 06 05 00 00 00 00 05 06 00 00 00 00 00
2021-10-20 17:21:47,775 DEBUG 'Receive' [] AA AA 01 00 00 00 22 00 10 01 16 03 00 01 04 05 00 00 00 00 02 06 05 00 00 00 00 03 06 00 00 00 00 00
2021-10-20 17:21:48,775 DEBUG 'Receive' [] AA AA 01 00 00 00 22 00 10 01 16 03 00 01 04 05 00 00 00 00 02 06 05 00 00 00 00 03 06 00 00 00 00 00
2021-10-20 17:21:49,775 DEBUG 'Receive' [] AA AA 01 00 00 00 29 00 14 01 16 04 00 01 04 05 00 00 00 00 02 06 05 00 00 00 00 03 06 00 00 00 00 00 05 06 00 00 00 00 00
2021-10-20 17:21:50,775 DEBUG 'Receive' [] AA AA 01 00 00 00 22 00 10 01 16 03 00 01 04 05 00 00 00 00 02 06 05 00 00 00 00 03 06 00 00 00 00 00
2021-10-20 17:21:51,775 DEBUG 'Receive' [] AA AA 01 00 00 00 22 00 10 01 16 03 00 01 04 05 00 00 00 00 02 06 05 00 00 00 00 03 06 00 00 00 00 00
2021-10-20 17:21:52,775 DEBUG 'Receive' [] AA AA 01 00 00 00 22 00 10 01 16 03 00 01 04 05 00 00 00 00 02 06 05 00 00 00 00 03 06 00 00 00 00 00
2021-10-20 17:21:53,775 DEBUG 'Receive' [] AA AA 01 00 00 00 29 00 14 01 16 04 00 01 04 05 00 00 00 00 02 06 05 00 00 00 00 03 06 00 00 00 00 00 05 06 00 00 00 00 00
2021-10-20 17:21:54,774 DEBUG 'Receive' [] AA AA 01 00 00 00 29 00 11 01 16 04 00 01 04 00 00 00 00 00 02 06 05 00 00 00 00 03 06 00 00 00 00 00 05 06 00 00 00 00 00
2021-10-20 17:21:59,798 DEBUG [Performance]	CPU=9.85%	RAM=4.08/7.85G	C=91.76/187.22G	D=33.51/80.00G	E=138.74/416.00G	F=155.79/415.51G	G=12.75/50.00G
Name=IoTToolkit	Trd=18	RAM=93.78M|67.17M	PT=10.20|6.77|91.06s	CPU=7.34%|5.00%
2021-10-20 17:22:29,804 DEBUG [Performance]	CPU=9.04%	RAM=4.07/7.85G	C=91.76/187.22G	D=33.51/80.00G	E=138.74/416.00G	F=155.79/415.51G	G=12.75/50.00G
Name=IoTToolkit	Trd=14	RAM=92.53M|65.91M	PT=10.25|6.78|121.07s	CPU=0.16%|0.05%
2021-10-20 17:22:59,805 DEBUG [Performance]	CPU=10.57%	RAM=4.08/7.85G	C=91.76/187.22G	D=33.51/80.00G	E=138.74/416.00G	F=155.79/415.51G	G=12.75/50.00G
Name=IoTToolkit	Trd=12	RAM=92.47M|65.77M	PT=10.31|6.81|151.07s	CPU=0.21%|0.10%
2021-10-20 17:23:29,808 DEBUG [Performance]	CPU=4.71%	RAM=4.08/7.85G	C=91.76/187.22G	D=33.51/80.00G	E=138.74/416.00G	F=155.79/415.51G	G=12.75/50.00G
Name=IoTToolkit	Trd=13	RAM=92.52M|65.84M	PT=10.31|6.81|181.07s	CPU=0.00%|0.00%
2021-10-20 17:23:59,820 DEBUG [Performance]	CPU=5.89%	RAM=4.09/7.85G	C=91.76/187.22G	D=33.51/80.00G	E=138.74/416.00G	F=155.79/415.51G	G=12.75/50.00G
Name=IoTToolkit	Trd=13	RAM=92.52M|65.84M	PT=10.33|6.83|211.08s	CPU=0.05%|0.05%
2021-10-20 17:24:29,836 DEBUG [Performance]	CPU=5.52%	RAM=4.10/7.85G	C=91.76/187.22G	D=33.51/80.00G	E=138.74/416.00G	F=155.79/415.51G	G=12.75/50.00G
Name=IoTToolkit	Trd=13	RAM=92.52M|65.84M	PT=10.33|6.83|241.10s	CPU=0.00%|0.00%
2021-10-20 17:24:59,877 DEBUG [Performance]	CPU=6.08%	RAM=4.10/7.85G	C=91.76/187.22G	D=33.51/80.00G	E=138.74/416.00G	F=155.79/415.51G	G=12.75/50.00G
Name=IoTToolkit	Trd=12	RAM=92.51M|65.77M	PT=10.38|6.86|271.14s	CPU=0.16%|0.10%
2021-10-20 17:25:29,850 DEBUG [Performance]	CPU=5.73%	RAM=4.11/7.85G	C=91.76/187.22G	D=33.51/80.00G	E=138.74/416.00G	F=155.79/415.51G	G=12.75/50.00G
Name=IoTToolkit	Trd=12	RAM=92.52M|65.77M	PT=10.38|6.86|301.11s	CPU=0.00%|0.00%
2021-10-20 17:25:59,856 DEBUG [Performance]	CPU=6.36%	RAM=4.11/7.85G	C=91.76/187.22G	D=33.51/80.00G	E=138.74/416.00G	F=155.79/415.51G	G=12.75/50.00G
Name=IoTToolkit	Trd=13	RAM=92.56M|65.85M	PT=10.38|6.86|331.12s	CPU=0.00%|0.00%
2021-10-20 17:26:29,861 DEBUG [Performance]	CPU=5.44%	RAM=4.11/7.85G	C=91.76/187.22G	D=33.51/80.00G	E=138.74/416.00G	F=155.79/415.51G	G=12.75/50.00G
Name=IoTToolkit	Trd=12	RAM=92.53M|65.78M	PT=10.42|6.88|361.13s	CPU=0.16%|0.05%
2021-10-20 17:26:59,867 DEBUG [Performance]	CPU=7.08%	RAM=4.12/7.85G	C=91.76/187.22G	D=33.51/80.00G	E=138.74/416.00G	F=155.79/415.51G	G=12.75/50.00G
Name=IoTToolkit	Trd=14	RAM=90.62M|65.91M	PT=10.42|6.88|391.13s	CPU=0.00%|0.00%
2021-10-20 17:27:29,871 DEBUG [Performance]	CPU=8.68%	RAM=4.10/7.85G	C=91.76/187.22G	D=33.51/80.00G	E=138.74/416.00G	F=155.79/415.51G	G=12.75/50.00G
Name=IoTToolkit	Trd=13	RAM=90.60M|65.84M	PT=10.42|6.88|421.14s	CPU=0.00%|0.00%
2021-10-20 17:27:39,430 DEBUG 'Send' [] AA AA 02 00 00 00 2F 00 2F 04 16 01 00 21 08 21 20 00 00 00 00 00 00 0B 00 C8 00 C0 12 96 00 B8 0B 78 00 B8 0B E8 03 E8 03 E8 03 00 00 00 00
